--- Startup times for process: Primary (or UI client) ---

times in msec
 clock   self+sourced   self:  sourced script
 clock   elapsed:              other lines

000.001  000.001: --- NVIM STARTING ---
000.148  000.147: event init
000.234  000.086: early init
000.277  000.043: locale set
000.317  000.040: init first window
000.758  000.441: inits 1
000.779  000.021: window checked
000.782  000.003: parsing arguments
001.315  000.049  000.049: require('vim.shared')
001.416  000.039  000.039: require('vim.inspect')
001.469  000.043  000.043: require('vim._options')
001.477  000.158  000.076: require('vim._editor')
001.509  000.031  000.031: require('vim._system')
001.510  000.267  000.028: require('vim._init_packages')
001.512  000.463: init lua interpreter
001.559  000.047: expanding arguments
001.588  000.028: inits 2
001.901  000.313: init highlight
001.918  000.017: clear screen
002.067  000.015  000.015: require('vim.keymap')
002.866  000.136  000.136: sourcing nvim_exec2()
002.988  001.067  000.915: require('vim._defaults')
002.990  000.005: init default mappings & autocommands
003.619  000.047  000.047: sourcing /usr/share/nvim/runtime/ftplugin.vim
003.710  000.030  000.030: sourcing /usr/share/nvim/runtime/indent.vim
003.773  000.012  000.012: sourcing /usr/share/nvim/archlinux.vim
003.777  000.042  000.030: sourcing /etc/xdg/nvim/sysinit.vim
004.108  000.120  000.120: require('vim.fs')
004.879  000.761  000.761: require('vim.uri')
004.899  000.988  000.107: require('vim.loader')
005.817  000.792  000.792: require('profile.core.options')
008.045  002.144  002.144: require('vim.filetype')
008.626  002.806  000.662: require('profile.core.autocmds')
008.737  000.109  000.109: require('lazy')
008.769  000.018  000.018: require('ffi')
008.849  000.075  000.075: require('lazy.stats')
009.040  000.170  000.170: require('lazy.core.util')
009.172  000.130  000.130: require('lazy.core.config')
009.330  000.057  000.057: require('lazy.core.handler')
009.510  000.049  000.049: require('lazy.pkg')
009.514  000.110  000.061: require('lazy.core.meta')
009.520  000.188  000.078: require('lazy.core.plugin')
009.526  000.351  000.106: require('lazy.core.loader')
010.390  000.102  000.102: require('lazy.async')
010.595  000.074  000.074: require('lazy.manage.process')
010.694  000.096  000.096: require('lazy.terminal')
010.700  000.306  000.137: require('lazy.manage.task')
010.703  000.524  000.115: require('lazy.manage.runner')
010.708  000.752  000.228: require('lazy.manage')
010.711  000.914  000.162: require('lazy.view.commands')
010.801  000.067  000.067: require('lazy.core.fragments')
016.192  000.191  000.191: require('lazy.core.handler.event')
016.200  000.328  000.137: require('lazy.core.handler.ft')
016.317  000.112  000.112: require('lazy.core.handler.cmd')
016.389  000.067  000.067: require('lazy.core.handler.keys')
016.490  000.007  000.007: sourcing nvim_exec2() called at /home/collins/.config/nvim/init.lua:0
016.507  000.002  000.002: sourcing nvim_exec2() called at /home/collins/.config/nvim/init.lua:0
016.535  000.002  000.002: sourcing nvim_exec2() called at /home/collins/.config/nvim/init.lua:0
016.544  000.001  000.001: sourcing nvim_exec2() called at /home/collins/.config/nvim/init.lua:0
016.559  000.001  000.001: sourcing nvim_exec2() called at /home/collins/.config/nvim/init.lua:0
016.654  000.041  000.041: sourcing /home/collins/.local/share/nvim/lazy/zig.vim/ftdetect/zig.vim
016.659  000.077  000.035: sourcing nvim_exec2() called at /home/collins/.config/nvim/init.lua:0
016.666  000.001  000.001: sourcing nvim_exec2() called at /home/collins/.config/nvim/init.lua:0
016.679  000.001  000.001: sourcing nvim_exec2() called at /home/collins/.config/nvim/init.lua:0
016.691  000.001  000.001: sourcing nvim_exec2() called at /home/collins/.config/nvim/init.lua:0
016.702  000.001  000.001: sourcing nvim_exec2() called at /home/collins/.config/nvim/init.lua:0
016.711  000.001  000.001: sourcing nvim_exec2() called at /home/collins/.config/nvim/init.lua:0
016.723  000.001  000.001: sourcing nvim_exec2() called at /home/collins/.config/nvim/init.lua:0
016.731  000.001  000.001: sourcing nvim_exec2() called at /home/collins/.config/nvim/init.lua:0
016.748  000.001  000.001: sourcing nvim_exec2() called at /home/collins/.config/nvim/init.lua:0
016.759  000.001  000.001: sourcing nvim_exec2() called at /home/collins/.config/nvim/init.lua:0
016.765  000.001  000.001: sourcing nvim_exec2() called at /home/collins/.config/nvim/init.lua:0
016.861  000.005  000.005: sourcing /home/collins/.local/share/nvim/lazy/guihua.lua/ftdetect/guihua.vim
016.865  000.039  000.035: sourcing nvim_exec2() called at /home/collins/.config/nvim/init.lua:0
016.870  000.001  000.001: sourcing nvim_exec2() called at /home/collins/.config/nvim/init.lua:0
016.895  000.002  000.002: sourcing nvim_exec2() called at /home/collins/.config/nvim/init.lua:0
016.904  000.001  000.001: sourcing nvim_exec2() called at /home/collins/.config/nvim/init.lua:0
016.947  000.002  000.002: sourcing nvim_exec2() called at /home/collins/.config/nvim/init.lua:0
017.025  000.012  000.012: sourcing /home/collins/.local/share/nvim/lazy/vim-blade/ftdetect/blade.vim
017.029  000.045  000.034: sourcing nvim_exec2() called at /home/collins/.config/nvim/init.lua:0
017.034  000.001  000.001: sourcing nvim_exec2() called at /home/collins/.config/nvim/init.lua:0
017.063  000.002  000.002: sourcing nvim_exec2() called at /home/collins/.config/nvim/init.lua:0
017.146  000.024  000.024: sourcing /home/collins/.local/share/nvim/lazy/mojo.vim/ftdetect/mojo.vim
017.150  000.057  000.032: sourcing nvim_exec2() called at /home/collins/.config/nvim/init.lua:0
017.156  000.001  000.001: sourcing nvim_exec2() called at /home/collins/.config/nvim/init.lua:0
017.600  000.003  000.003: sourcing nvim_exec2() called at /home/collins/.config/nvim/init.lua:0
017.614  000.001  000.001: sourcing nvim_exec2() called at /home/collins/.config/nvim/init.lua:0
017.728  000.003  000.003: sourcing nvim_exec2() called at /home/collins/.config/nvim/init.lua:0
017.741  000.001  000.001: sourcing nvim_exec2() called at /home/collins/.config/nvim/init.lua:0
018.016  000.003  000.003: sourcing nvim_exec2() called at /home/collins/.config/nvim/init.lua:0
018.186  000.065  000.065: sourcing /home/collins/.local/share/nvim/lazy/go.nvim/ftdetect/filetype.vim
018.191  000.103  000.038: sourcing nvim_exec2() called at /home/collins/.config/nvim/init.lua:0
018.238  000.002  000.002: sourcing nvim_exec2() called at /home/collins/.config/nvim/init.lua:0
019.050  000.004  000.004: sourcing nvim_exec2() called at /home/collins/.config/nvim/init.lua:0
019.065  000.002  000.002: sourcing nvim_exec2() called at /home/collins/.config/nvim/init.lua:0
019.082  000.002  000.002: sourcing nvim_exec2() called at /home/collins/.config/nvim/init.lua:0
019.092  000.001  000.001: sourcing nvim_exec2() called at /home/collins/.config/nvim/init.lua:0
019.124  000.002  000.002: sourcing nvim_exec2() called at /home/collins/.config/nvim/init.lua:0
019.133  000.001  000.001: sourcing nvim_exec2() called at /home/collins/.config/nvim/init.lua:0
019.150  000.001  000.001: sourcing nvim_exec2() called at /home/collins/.config/nvim/init.lua:0
019.242  000.038  000.038: sourcing /home/collins/.local/share/nvim/lazy/rust.vim/ftdetect/rust.vim
019.247  000.073  000.036: sourcing nvim_exec2() called at /home/collins/.config/nvim/init.lua:0
019.261  000.002  000.002: sourcing nvim_exec2() called at /home/collins/.config/nvim/init.lua:0
019.512  000.131  000.131: sourcing nvim_exec2() called at /usr/share/nvim/runtime/filetype.lua:0
019.515  000.208  000.077: sourcing /usr/share/nvim/runtime/filetype.lua
019.520  000.235  000.028: sourcing nvim_exec2() called at /home/collins/.config/nvim/init.lua:0
019.749  000.029  000.029: sourcing /home/collins/.local/share/nvim/lazy/nvim-web-devicons/plugin/nvim-web-devicons.vim
019.754  000.062  000.033: sourcing nvim_exec2() called at /home/collins/.config/nvim/init.lua:0
019.795  000.002  000.002: sourcing nvim_exec2() called at /home/collins/.config/nvim/init.lua:0
019.806  000.001  000.001: sourcing nvim_exec2() called at /home/collins/.config/nvim/init.lua:0
020.015  000.061  000.061: sourcing /usr/share/nvim/runtime/plugin/editorconfig.lua
020.021  000.093  000.032: sourcing nvim_exec2() called at /home/collins/.config/nvim/init.lua:0
020.106  000.057  000.057: sourcing /usr/share/nvim/runtime/plugin/man.lua
020.110  000.085  000.028: sourcing nvim_exec2() called at /home/collins/.config/nvim/init.lua:0
020.271  000.133  000.133: sourcing /usr/share/nvim/runtime/plugin/matchparen.vim
020.276  000.160  000.026: sourcing nvim_exec2() called at /home/collins/.config/nvim/init.lua:0
020.359  000.051  000.051: sourcing /usr/share/nvim/runtime/plugin/nvim/net.lua
020.364  000.082  000.031: sourcing nvim_exec2() called at /home/collins/.config/nvim/init.lua:0
020.486  000.088  000.088: sourcing /usr/share/nvim/runtime/plugin/nvim/spellfile.lua
020.492  000.123  000.035: sourcing nvim_exec2() called at /home/collins/.config/nvim/init.lua:0
020.675  000.148  000.148: sourcing /usr/share/nvim/runtime/plugin/osc52.lua
020.680  000.183  000.035: sourcing nvim_exec2() called at /home/collins/.config/nvim/init.lua:0
020.859  000.150  000.150: sourcing /usr/share/nvim/runtime/plugin/rplugin.vim
020.864  000.179  000.029: sourcing nvim_exec2() called at /home/collins/.config/nvim/init.lua:0
021.048  000.158  000.158: sourcing /usr/share/nvim/runtime/plugin/shada.lua
021.053  000.183  000.026: sourcing nvim_exec2() called at /home/collins/.config/nvim/init.lua:0
021.172  017.368  008.594: sourcing /home/collins/.config/nvim/init.lua
021.182  000.706: sourcing vimrc file(s)
021.400  000.089  000.089: sourcing /usr/share/nvim/runtime/filetype.lua
021.573  000.062  000.062: sourcing /usr/share/nvim/runtime/syntax/synload.vim
021.660  000.208  000.146: sourcing /usr/share/nvim/runtime/syntax/syntax.vim
021.673  000.193: inits 3
021.674  000.001: reading ShaDa
022.770  000.486  000.486: require('vim.filetype.detect')
022.887  000.727: reading stdin
022.893  000.005: opening buffers
022.900  000.007: BufEnter autocommands
022.902  000.002: editing files in windows
022.908  000.006: --- NVIM STARTED ---

